<?xml version="1.0" encoding="UTF-8"?>
<!-- Generated by org.testng.reporters.JUnitXMLReporter -->
<testsuite hostname="DESKTOP-0JETNLU" ignored="0" name="Default test" tests="3" failures="0" timestamp="2023-02-05T17:37:30 CST" time="20.911" errors="0">
  <testcase name="openFlipkart" time="4.477" classname="testngautomationcode31jan2023.Multipleswebsite"/>
  <testcase name="openamazon" time="3.3" classname="testngautomationcode31jan2023.Multipleswebsite"/>
  <testcase name="openwalmart" time="2.695" classname="testngautomationcode31jan2023.Multipleswebsite"/>
</testsuite> <!-- Default test -->
